<?xml version="1.0" encoding="UTF-8" ?>
<testsuites disabled="0" errors="0" failures="2" tests="7" time="0.003">
 <testsuite name="A suite" timestamp="2025-03-17T11:57:12" hostname="localhost" time="0.003" errors="0" tests="7" skipped="0" disabled="0" failures="2">
  <testcase classname="A suite" name="contains a spec that checks for equality" time="0.001" />
  <testcase classname="A suite" name="contains a spec that will always fail" time="0">
   <failure type="toBe" message="Expected true to be false."><![CDATA[at <Jasmine>
    at UserContext.<anonymous> (/Users/wenyuge/code/cockroach-lab/jasmine/spec/test.spec.js:7:22)
    at <Jasmine>]]>
   </failure>
  </testcase>
  <testcase classname="A suite" name="contains a test with a string comparison" time="0.001" />
  <testcase classname="A suite" name="contains a flaky test that sometimes fails" time="0" />
  <testcase classname="A suite" name="contains a spec with an expectation" time="0" />
  <testcase classname="A suite" name="contains a flaky test with a date comparison" time="0.001" />
  <testcase classname="A suite" name="contains a test that will always fail with a type mismatch" time="0">
   <failure type="toBe" message="Expected 42 to be &apos;42&apos;."><![CDATA[at <Jasmine>
    at UserContext.<anonymous> (/Users/wenyuge/code/cockroach-lab/jasmine/spec/test.spec.js:24:20)
    at <Jasmine>]]>
   </failure>
  </testcase>
 </testsuite>
</testsuites>